<?xml version="1.0" encoding="UTF-8"?>
<testsuite name="com.adressbook.tests.GroupCreationTests" tests="1" skipped="0" failures="0" errors="0" timestamp="2020-10-13T15:19:28" hostname="Igors-MacBook-Pro.local" time="0.936">
  <properties/>
  <testcase name="testGroupCreation" classname="com.adressbook.tests.GroupCreationTests" time="0.936"/>
  <system-out><![CDATA[]]></system-out>
  <system-err><![CDATA[]]></system-err>
</testsuite>
